ERROR Internal Server Error: /admin/api/contract/12/change/
Traceback (most recent call last):
  File "P:\projects\OCproject12\env\lib\site-packages\django\core\handlers\exception.py", line 55, in inner
    response = get_response(request)
  File "P:\projects\OCproject12\env\lib\site-packages\django\core\handlers\base.py", line 197, in _get_response
    response = wrapped_callback(request, *callback_args, **callback_kwargs)
  File "P:\projects\OCproject12\env\lib\site-packages\django\contrib\admin\options.py", line 686, in wrapper
    return self.admin_site.admin_view(view)(*args, **kwargs)
  File "P:\projects\OCproject12\env\lib\site-packages\django\utils\decorators.py", line 133, in _wrapped_view
    response = view_func(request, *args, **kwargs)
  File "P:\projects\OCproject12\env\lib\site-packages\django\views\decorators\cache.py", line 62, in _wrapped_view_func
    response = view_func(request, *args, **kwargs)
  File "P:\projects\OCproject12\env\lib\site-packages\django\contrib\admin\sites.py", line 242, in inner
    return view(request, *args, **kwargs)
  File "P:\projects\OCproject12\env\lib\site-packages\django\contrib\admin\options.py", line 1893, in change_view
    return self.changeform_view(request, object_id, form_url, extra_context)
  File "P:\projects\OCproject12\env\lib\site-packages\django\utils\decorators.py", line 46, in _wrapper
    return bound_method(*args, **kwargs)
  File "P:\projects\OCproject12\env\lib\site-packages\django\utils\decorators.py", line 133, in _wrapped_view
    response = view_func(request, *args, **kwargs)
  File "P:\projects\OCproject12\env\lib\site-packages\django\contrib\admin\options.py", line 1750, in changeform_view
    return self._changeform_view(request, object_id, form_url, extra_context)
  File "P:\projects\OCproject12\env\lib\site-packages\django\contrib\admin\options.py", line 1786, in _changeform_view
    ModelForm = self.get_form(
  File "P:\projects\OCproject12\api\admin\contracts.py", line 52, in get_form
    form.base_fields["sales_contact"].initial = request.user
KeyError: 'sales_contact'
ERROR Internal Server Error: /admin/api/contract/12/change/
Traceback (most recent call last):
  File "P:\projects\OCproject12\env\lib\site-packages\django\core\handlers\exception.py", line 55, in inner
    response = get_response(request)
  File "P:\projects\OCproject12\env\lib\site-packages\django\core\handlers\base.py", line 197, in _get_response
    response = wrapped_callback(request, *callback_args, **callback_kwargs)
  File "P:\projects\OCproject12\env\lib\site-packages\django\contrib\admin\options.py", line 686, in wrapper
    return self.admin_site.admin_view(view)(*args, **kwargs)
  File "P:\projects\OCproject12\env\lib\site-packages\django\utils\decorators.py", line 133, in _wrapped_view
    response = view_func(request, *args, **kwargs)
  File "P:\projects\OCproject12\env\lib\site-packages\django\views\decorators\cache.py", line 62, in _wrapped_view_func
    response = view_func(request, *args, **kwargs)
  File "P:\projects\OCproject12\env\lib\site-packages\django\contrib\admin\sites.py", line 242, in inner
    return view(request, *args, **kwargs)
  File "P:\projects\OCproject12\env\lib\site-packages\django\contrib\admin\options.py", line 1893, in change_view
    return self.changeform_view(request, object_id, form_url, extra_context)
  File "P:\projects\OCproject12\env\lib\site-packages\django\utils\decorators.py", line 46, in _wrapper
    return bound_method(*args, **kwargs)
  File "P:\projects\OCproject12\env\lib\site-packages\django\utils\decorators.py", line 133, in _wrapped_view
    response = view_func(request, *args, **kwargs)
  File "P:\projects\OCproject12\env\lib\site-packages\django\contrib\admin\options.py", line 1750, in changeform_view
    return self._changeform_view(request, object_id, form_url, extra_context)
  File "P:\projects\OCproject12\env\lib\site-packages\django\contrib\admin\options.py", line 1786, in _changeform_view
    ModelForm = self.get_form(
  File "P:\projects\OCproject12\api\admin\contracts.py", line 52, in get_form
    form.base_fields["sales_contact"].initial = request.user
KeyError: 'sales_contact'
ERROR "GET /admin/api/contract/12/change/ HTTP/1.1" 500 111396
ERROR Internal Server Error: /admin/api/contract/12/change/
Traceback (most recent call last):
  File "P:\projects\OCproject12\env\lib\site-packages\django\core\handlers\exception.py", line 55, in inner
    response = get_response(request)
  File "P:\projects\OCproject12\env\lib\site-packages\django\core\handlers\base.py", line 197, in _get_response
    response = wrapped_callback(request, *callback_args, **callback_kwargs)
  File "P:\projects\OCproject12\env\lib\site-packages\django\contrib\admin\options.py", line 686, in wrapper
    return self.admin_site.admin_view(view)(*args, **kwargs)
  File "P:\projects\OCproject12\env\lib\site-packages\django\utils\decorators.py", line 133, in _wrapped_view
    response = view_func(request, *args, **kwargs)
  File "P:\projects\OCproject12\env\lib\site-packages\django\views\decorators\cache.py", line 62, in _wrapped_view_func
    response = view_func(request, *args, **kwargs)
  File "P:\projects\OCproject12\env\lib\site-packages\django\contrib\admin\sites.py", line 242, in inner
    return view(request, *args, **kwargs)
  File "P:\projects\OCproject12\env\lib\site-packages\django\contrib\admin\options.py", line 1893, in change_view
    return self.changeform_view(request, object_id, form_url, extra_context)
  File "P:\projects\OCproject12\env\lib\site-packages\django\utils\decorators.py", line 46, in _wrapper
    return bound_method(*args, **kwargs)
  File "P:\projects\OCproject12\env\lib\site-packages\django\utils\decorators.py", line 133, in _wrapped_view
    response = view_func(request, *args, **kwargs)
  File "P:\projects\OCproject12\env\lib\site-packages\django\contrib\admin\options.py", line 1750, in changeform_view
    return self._changeform_view(request, object_id, form_url, extra_context)
  File "P:\projects\OCproject12\env\lib\site-packages\django\contrib\admin\options.py", line 1786, in _changeform_view
    ModelForm = self.get_form(
  File "P:\projects\OCproject12\api\admin\contracts.py", line 52, in get_form
    form.base_fields["sales_contact"].initial = request.user
KeyError: 'sales_contact'
ERROR Internal Server Error: /admin/api/contract/12/change/
Traceback (most recent call last):
  File "P:\projects\OCproject12\env\lib\site-packages\django\core\handlers\exception.py", line 55, in inner
    response = get_response(request)
  File "P:\projects\OCproject12\env\lib\site-packages\django\core\handlers\base.py", line 197, in _get_response
    response = wrapped_callback(request, *callback_args, **callback_kwargs)
  File "P:\projects\OCproject12\env\lib\site-packages\django\contrib\admin\options.py", line 686, in wrapper
    return self.admin_site.admin_view(view)(*args, **kwargs)
  File "P:\projects\OCproject12\env\lib\site-packages\django\utils\decorators.py", line 133, in _wrapped_view
    response = view_func(request, *args, **kwargs)
  File "P:\projects\OCproject12\env\lib\site-packages\django\views\decorators\cache.py", line 62, in _wrapped_view_func
    response = view_func(request, *args, **kwargs)
  File "P:\projects\OCproject12\env\lib\site-packages\django\contrib\admin\sites.py", line 242, in inner
    return view(request, *args, **kwargs)
  File "P:\projects\OCproject12\env\lib\site-packages\django\contrib\admin\options.py", line 1893, in change_view
    return self.changeform_view(request, object_id, form_url, extra_context)
  File "P:\projects\OCproject12\env\lib\site-packages\django\utils\decorators.py", line 46, in _wrapper
    return bound_method(*args, **kwargs)
  File "P:\projects\OCproject12\env\lib\site-packages\django\utils\decorators.py", line 133, in _wrapped_view
    response = view_func(request, *args, **kwargs)
  File "P:\projects\OCproject12\env\lib\site-packages\django\contrib\admin\options.py", line 1750, in changeform_view
    return self._changeform_view(request, object_id, form_url, extra_context)
  File "P:\projects\OCproject12\env\lib\site-packages\django\contrib\admin\options.py", line 1786, in _changeform_view
    ModelForm = self.get_form(
  File "P:\projects\OCproject12\api\admin\contracts.py", line 52, in get_form
    form.base_fields["sales_contact"].initial = request.user
KeyError: 'sales_contact'
ERROR "GET /admin/api/contract/12/change/ HTTP/1.1" 500 111418
ERROR Internal Server Error: /admin/api/contract/add/
Traceback (most recent call last):
  File "P:\projects\OCproject12\env\lib\site-packages\django\core\handlers\exception.py", line 55, in inner
    response = get_response(request)
  File "P:\projects\OCproject12\env\lib\site-packages\django\core\handlers\base.py", line 197, in _get_response
    response = wrapped_callback(request, *callback_args, **callback_kwargs)
  File "P:\projects\OCproject12\env\lib\site-packages\django\contrib\admin\options.py", line 686, in wrapper
    return self.admin_site.admin_view(view)(*args, **kwargs)
  File "P:\projects\OCproject12\env\lib\site-packages\django\utils\decorators.py", line 133, in _wrapped_view
    response = view_func(request, *args, **kwargs)
  File "P:\projects\OCproject12\env\lib\site-packages\django\views\decorators\cache.py", line 62, in _wrapped_view_func
    response = view_func(request, *args, **kwargs)
  File "P:\projects\OCproject12\env\lib\site-packages\django\contrib\admin\sites.py", line 242, in inner
    return view(request, *args, **kwargs)
  File "P:\projects\OCproject12\env\lib\site-packages\django\contrib\admin\options.py", line 1890, in add_view
    return self.changeform_view(request, None, form_url, extra_context)
  File "P:\projects\OCproject12\env\lib\site-packages\django\utils\decorators.py", line 46, in _wrapper
    return bound_method(*args, **kwargs)
  File "P:\projects\OCproject12\env\lib\site-packages\django\utils\decorators.py", line 133, in _wrapped_view
    response = view_func(request, *args, **kwargs)
  File "P:\projects\OCproject12\env\lib\site-packages\django\contrib\admin\options.py", line 1750, in changeform_view
    return self._changeform_view(request, object_id, form_url, extra_context)
  File "P:\projects\OCproject12\env\lib\site-packages\django\contrib\admin\options.py", line 1786, in _changeform_view
    ModelForm = self.get_form(
  File "P:\projects\OCproject12\api\admin\contracts.py", line 52, in get_form
    form.base_fields["sales_contact"].initial = request.user
KeyError: 'sales_contact'
ERROR Internal Server Error: /admin/api/contract/add/
Traceback (most recent call last):
  File "P:\projects\OCproject12\env\lib\site-packages\django\core\handlers\exception.py", line 55, in inner
    response = get_response(request)
  File "P:\projects\OCproject12\env\lib\site-packages\django\core\handlers\base.py", line 197, in _get_response
    response = wrapped_callback(request, *callback_args, **callback_kwargs)
  File "P:\projects\OCproject12\env\lib\site-packages\django\contrib\admin\options.py", line 686, in wrapper
    return self.admin_site.admin_view(view)(*args, **kwargs)
  File "P:\projects\OCproject12\env\lib\site-packages\django\utils\decorators.py", line 133, in _wrapped_view
    response = view_func(request, *args, **kwargs)
  File "P:\projects\OCproject12\env\lib\site-packages\django\views\decorators\cache.py", line 62, in _wrapped_view_func
    response = view_func(request, *args, **kwargs)
  File "P:\projects\OCproject12\env\lib\site-packages\django\contrib\admin\sites.py", line 242, in inner
    return view(request, *args, **kwargs)
  File "P:\projects\OCproject12\env\lib\site-packages\django\contrib\admin\options.py", line 1890, in add_view
    return self.changeform_view(request, None, form_url, extra_context)
  File "P:\projects\OCproject12\env\lib\site-packages\django\utils\decorators.py", line 46, in _wrapper
    return bound_method(*args, **kwargs)
  File "P:\projects\OCproject12\env\lib\site-packages\django\utils\decorators.py", line 133, in _wrapped_view
    response = view_func(request, *args, **kwargs)
  File "P:\projects\OCproject12\env\lib\site-packages\django\contrib\admin\options.py", line 1750, in changeform_view
    return self._changeform_view(request, object_id, form_url, extra_context)
  File "P:\projects\OCproject12\env\lib\site-packages\django\contrib\admin\options.py", line 1786, in _changeform_view
    ModelForm = self.get_form(
  File "P:\projects\OCproject12\api\admin\contracts.py", line 52, in get_form
    form.base_fields["sales_contact"].initial = request.user
KeyError: 'sales_contact'
ERROR "GET /admin/api/contract/add/ HTTP/1.1" 500 110593
ERROR Internal Server Error: /admin/api/contract/12/change/
Traceback (most recent call last):
  File "P:\projects\OCproject12\env\lib\site-packages\django\core\handlers\exception.py", line 55, in inner
    response = get_response(request)
  File "P:\projects\OCproject12\env\lib\site-packages\django\core\handlers\base.py", line 197, in _get_response
    response = wrapped_callback(request, *callback_args, **callback_kwargs)
  File "P:\projects\OCproject12\env\lib\site-packages\django\contrib\admin\options.py", line 686, in wrapper
    return self.admin_site.admin_view(view)(*args, **kwargs)
  File "P:\projects\OCproject12\env\lib\site-packages\django\utils\decorators.py", line 133, in _wrapped_view
    response = view_func(request, *args, **kwargs)
  File "P:\projects\OCproject12\env\lib\site-packages\django\views\decorators\cache.py", line 62, in _wrapped_view_func
    response = view_func(request, *args, **kwargs)
  File "P:\projects\OCproject12\env\lib\site-packages\django\contrib\admin\sites.py", line 242, in inner
    return view(request, *args, **kwargs)
  File "P:\projects\OCproject12\env\lib\site-packages\django\contrib\admin\options.py", line 1893, in change_view
    return self.changeform_view(request, object_id, form_url, extra_context)
  File "P:\projects\OCproject12\env\lib\site-packages\django\utils\decorators.py", line 46, in _wrapper
    return bound_method(*args, **kwargs)
  File "P:\projects\OCproject12\env\lib\site-packages\django\utils\decorators.py", line 133, in _wrapped_view
    response = view_func(request, *args, **kwargs)
  File "P:\projects\OCproject12\env\lib\site-packages\django\contrib\admin\options.py", line 1750, in changeform_view
    return self._changeform_view(request, object_id, form_url, extra_context)
  File "P:\projects\OCproject12\env\lib\site-packages\django\contrib\admin\options.py", line 1786, in _changeform_view
    ModelForm = self.get_form(
  File "P:\projects\OCproject12\api\admin\contracts.py", line 52, in get_form
    form.base_fields["sales_contact"].initial = request.user
KeyError: 'sales_contact'
ERROR Internal Server Error: /admin/api/contract/12/change/
Traceback (most recent call last):
  File "P:\projects\OCproject12\env\lib\site-packages\django\core\handlers\exception.py", line 55, in inner
    response = get_response(request)
  File "P:\projects\OCproject12\env\lib\site-packages\django\core\handlers\base.py", line 197, in _get_response
    response = wrapped_callback(request, *callback_args, **callback_kwargs)
  File "P:\projects\OCproject12\env\lib\site-packages\django\contrib\admin\options.py", line 686, in wrapper
    return self.admin_site.admin_view(view)(*args, **kwargs)
  File "P:\projects\OCproject12\env\lib\site-packages\django\utils\decorators.py", line 133, in _wrapped_view
    response = view_func(request, *args, **kwargs)
  File "P:\projects\OCproject12\env\lib\site-packages\django\views\decorators\cache.py", line 62, in _wrapped_view_func
    response = view_func(request, *args, **kwargs)
  File "P:\projects\OCproject12\env\lib\site-packages\django\contrib\admin\sites.py", line 242, in inner
    return view(request, *args, **kwargs)
  File "P:\projects\OCproject12\env\lib\site-packages\django\contrib\admin\options.py", line 1893, in change_view
    return self.changeform_view(request, object_id, form_url, extra_context)
  File "P:\projects\OCproject12\env\lib\site-packages\django\utils\decorators.py", line 46, in _wrapper
    return bound_method(*args, **kwargs)
  File "P:\projects\OCproject12\env\lib\site-packages\django\utils\decorators.py", line 133, in _wrapped_view
    response = view_func(request, *args, **kwargs)
  File "P:\projects\OCproject12\env\lib\site-packages\django\contrib\admin\options.py", line 1750, in changeform_view
    return self._changeform_view(request, object_id, form_url, extra_context)
  File "P:\projects\OCproject12\env\lib\site-packages\django\contrib\admin\options.py", line 1786, in _changeform_view
    ModelForm = self.get_form(
  File "P:\projects\OCproject12\api\admin\contracts.py", line 52, in get_form
    form.base_fields["sales_contact"].initial = request.user
KeyError: 'sales_contact'
ERROR "GET /admin/api/contract/12/change/ HTTP/1.1" 500 111281
ERROR Internal Server Error: /admin/api/contract/12/change/
Traceback (most recent call last):
  File "P:\projects\OCproject12\env\lib\site-packages\django\core\handlers\exception.py", line 55, in inner
    response = get_response(request)
  File "P:\projects\OCproject12\env\lib\site-packages\django\core\handlers\base.py", line 197, in _get_response
    response = wrapped_callback(request, *callback_args, **callback_kwargs)
  File "P:\projects\OCproject12\env\lib\site-packages\django\contrib\admin\options.py", line 686, in wrapper
    return self.admin_site.admin_view(view)(*args, **kwargs)
  File "P:\projects\OCproject12\env\lib\site-packages\django\utils\decorators.py", line 133, in _wrapped_view
    response = view_func(request, *args, **kwargs)
  File "P:\projects\OCproject12\env\lib\site-packages\django\views\decorators\cache.py", line 62, in _wrapped_view_func
    response = view_func(request, *args, **kwargs)
  File "P:\projects\OCproject12\env\lib\site-packages\django\contrib\admin\sites.py", line 242, in inner
    return view(request, *args, **kwargs)
  File "P:\projects\OCproject12\env\lib\site-packages\django\contrib\admin\options.py", line 1893, in change_view
    return self.changeform_view(request, object_id, form_url, extra_context)
  File "P:\projects\OCproject12\env\lib\site-packages\django\utils\decorators.py", line 46, in _wrapper
    return bound_method(*args, **kwargs)
  File "P:\projects\OCproject12\env\lib\site-packages\django\utils\decorators.py", line 133, in _wrapped_view
    response = view_func(request, *args, **kwargs)
  File "P:\projects\OCproject12\env\lib\site-packages\django\contrib\admin\options.py", line 1750, in changeform_view
    return self._changeform_view(request, object_id, form_url, extra_context)
  File "P:\projects\OCproject12\env\lib\site-packages\django\contrib\admin\options.py", line 1885, in _changeform_view
    return self.render_change_form(
  File "P:\projects\OCproject12\api\admin\contracts.py", line 62, in render_change_form
    context["adminform"].form.fields["client"].queryset = Client.objects.filter(
KeyError: 'client'
ERROR Internal Server Error: /admin/api/contract/12/change/
Traceback (most recent call last):
  File "P:\projects\OCproject12\env\lib\site-packages\django\core\handlers\exception.py", line 55, in inner
    response = get_response(request)
  File "P:\projects\OCproject12\env\lib\site-packages\django\core\handlers\base.py", line 197, in _get_response
    response = wrapped_callback(request, *callback_args, **callback_kwargs)
  File "P:\projects\OCproject12\env\lib\site-packages\django\contrib\admin\options.py", line 686, in wrapper
    return self.admin_site.admin_view(view)(*args, **kwargs)
  File "P:\projects\OCproject12\env\lib\site-packages\django\utils\decorators.py", line 133, in _wrapped_view
    response = view_func(request, *args, **kwargs)
  File "P:\projects\OCproject12\env\lib\site-packages\django\views\decorators\cache.py", line 62, in _wrapped_view_func
    response = view_func(request, *args, **kwargs)
  File "P:\projects\OCproject12\env\lib\site-packages\django\contrib\admin\sites.py", line 242, in inner
    return view(request, *args, **kwargs)
  File "P:\projects\OCproject12\env\lib\site-packages\django\contrib\admin\options.py", line 1893, in change_view
    return self.changeform_view(request, object_id, form_url, extra_context)
  File "P:\projects\OCproject12\env\lib\site-packages\django\utils\decorators.py", line 46, in _wrapper
    return bound_method(*args, **kwargs)
  File "P:\projects\OCproject12\env\lib\site-packages\django\utils\decorators.py", line 133, in _wrapped_view
    response = view_func(request, *args, **kwargs)
  File "P:\projects\OCproject12\env\lib\site-packages\django\contrib\admin\options.py", line 1750, in changeform_view
    return self._changeform_view(request, object_id, form_url, extra_context)
  File "P:\projects\OCproject12\env\lib\site-packages\django\contrib\admin\options.py", line 1885, in _changeform_view
    return self.render_change_form(
  File "P:\projects\OCproject12\api\admin\contracts.py", line 62, in render_change_form
    context["adminform"].form.fields["client"].queryset = Client.objects.filter(
KeyError: 'client'
ERROR "GET /admin/api/contract/12/change/ HTTP/1.1" 500 121717
ERROR Internal Server Error: /admin/api/user/18/change/
Traceback (most recent call last):
  File "P:\projects\OCproject12\env\lib\site-packages\django\core\handlers\exception.py", line 55, in inner
    response = get_response(request)
  File "P:\projects\OCproject12\env\lib\site-packages\django\core\handlers\base.py", line 197, in _get_response
    response = wrapped_callback(request, *callback_args, **callback_kwargs)
  File "P:\projects\OCproject12\env\lib\site-packages\django\contrib\admin\options.py", line 686, in wrapper
    return self.admin_site.admin_view(view)(*args, **kwargs)
  File "P:\projects\OCproject12\env\lib\site-packages\django\utils\decorators.py", line 133, in _wrapped_view
    response = view_func(request, *args, **kwargs)
  File "P:\projects\OCproject12\env\lib\site-packages\django\views\decorators\cache.py", line 62, in _wrapped_view_func
    response = view_func(request, *args, **kwargs)
  File "P:\projects\OCproject12\env\lib\site-packages\django\contrib\admin\sites.py", line 242, in inner
    return view(request, *args, **kwargs)
  File "P:\projects\OCproject12\env\lib\site-packages\django\contrib\admin\options.py", line 1893, in change_view
    return self.changeform_view(request, object_id, form_url, extra_context)
  File "P:\projects\OCproject12\env\lib\site-packages\django\utils\decorators.py", line 46, in _wrapper
    return bound_method(*args, **kwargs)
  File "P:\projects\OCproject12\env\lib\site-packages\django\utils\decorators.py", line 133, in _wrapped_view
    response = view_func(request, *args, **kwargs)
  File "P:\projects\OCproject12\env\lib\site-packages\django\contrib\admin\options.py", line 1750, in changeform_view
    return self._changeform_view(request, object_id, form_url, extra_context)
  File "P:\projects\OCproject12\env\lib\site-packages\django\contrib\admin\options.py", line 1773, in _changeform_view
    obj = self.get_object(request, unquote(object_id), to_field)
  File "P:\projects\OCproject12\env\lib\site-packages\django\contrib\admin\options.py", line 858, in get_object
    model = queryset.model
AttributeError: 'NoneType' object has no attribute 'model'
ERROR Internal Server Error: /admin/api/user/18/change/
Traceback (most recent call last):
  File "P:\projects\OCproject12\env\lib\site-packages\django\core\handlers\exception.py", line 55, in inner
    response = get_response(request)
  File "P:\projects\OCproject12\env\lib\site-packages\django\core\handlers\base.py", line 197, in _get_response
    response = wrapped_callback(request, *callback_args, **callback_kwargs)
  File "P:\projects\OCproject12\env\lib\site-packages\django\contrib\admin\options.py", line 686, in wrapper
    return self.admin_site.admin_view(view)(*args, **kwargs)
  File "P:\projects\OCproject12\env\lib\site-packages\django\utils\decorators.py", line 133, in _wrapped_view
    response = view_func(request, *args, **kwargs)
  File "P:\projects\OCproject12\env\lib\site-packages\django\views\decorators\cache.py", line 62, in _wrapped_view_func
    response = view_func(request, *args, **kwargs)
  File "P:\projects\OCproject12\env\lib\site-packages\django\contrib\admin\sites.py", line 242, in inner
    return view(request, *args, **kwargs)
  File "P:\projects\OCproject12\env\lib\site-packages\django\contrib\admin\options.py", line 1893, in change_view
    return self.changeform_view(request, object_id, form_url, extra_context)
  File "P:\projects\OCproject12\env\lib\site-packages\django\utils\decorators.py", line 46, in _wrapper
    return bound_method(*args, **kwargs)
  File "P:\projects\OCproject12\env\lib\site-packages\django\utils\decorators.py", line 133, in _wrapped_view
    response = view_func(request, *args, **kwargs)
  File "P:\projects\OCproject12\env\lib\site-packages\django\contrib\admin\options.py", line 1750, in changeform_view
    return self._changeform_view(request, object_id, form_url, extra_context)
  File "P:\projects\OCproject12\env\lib\site-packages\django\contrib\admin\options.py", line 1773, in _changeform_view
    obj = self.get_object(request, unquote(object_id), to_field)
  File "P:\projects\OCproject12\env\lib\site-packages\django\contrib\admin\options.py", line 858, in get_object
    model = queryset.model
AttributeError: 'NoneType' object has no attribute 'model'
ERROR "GET /admin/api/user/18/change/ HTTP/1.1" 500 110007
ERROR Internal Server Error: /admin/api/contract/12/change/
Traceback (most recent call last):
  File "P:\projects\OCproject12\env\lib\site-packages\django\core\handlers\exception.py", line 55, in inner
    response = get_response(request)
  File "P:\projects\OCproject12\env\lib\site-packages\django\core\handlers\base.py", line 197, in _get_response
    response = wrapped_callback(request, *callback_args, **callback_kwargs)
  File "P:\projects\OCproject12\env\lib\site-packages\django\contrib\admin\options.py", line 686, in wrapper
    return self.admin_site.admin_view(view)(*args, **kwargs)
  File "P:\projects\OCproject12\env\lib\site-packages\django\utils\decorators.py", line 133, in _wrapped_view
    response = view_func(request, *args, **kwargs)
  File "P:\projects\OCproject12\env\lib\site-packages\django\views\decorators\cache.py", line 62, in _wrapped_view_func
    response = view_func(request, *args, **kwargs)
  File "P:\projects\OCproject12\env\lib\site-packages\django\contrib\admin\sites.py", line 242, in inner
    return view(request, *args, **kwargs)
  File "P:\projects\OCproject12\env\lib\site-packages\django\contrib\admin\options.py", line 1893, in change_view
    return self.changeform_view(request, object_id, form_url, extra_context)
  File "P:\projects\OCproject12\env\lib\site-packages\django\utils\decorators.py", line 46, in _wrapper
    return bound_method(*args, **kwargs)
  File "P:\projects\OCproject12\env\lib\site-packages\django\utils\decorators.py", line 133, in _wrapped_view
    response = view_func(request, *args, **kwargs)
  File "P:\projects\OCproject12\env\lib\site-packages\django\contrib\admin\options.py", line 1750, in changeform_view
    return self._changeform_view(request, object_id, form_url, extra_context)
  File "P:\projects\OCproject12\env\lib\site-packages\django\contrib\admin\options.py", line 1786, in _changeform_view
    ModelForm = self.get_form(
  File "P:\projects\OCproject12\api\admin\contracts.py", line 52, in get_form
    form.base_fields["sales_contact"].initial = request.user
KeyError: 'sales_contact'
ERROR Internal Server Error: /admin/api/contract/12/change/
Traceback (most recent call last):
  File "P:\projects\OCproject12\env\lib\site-packages\django\core\handlers\exception.py", line 55, in inner
    response = get_response(request)
  File "P:\projects\OCproject12\env\lib\site-packages\django\core\handlers\base.py", line 197, in _get_response
    response = wrapped_callback(request, *callback_args, **callback_kwargs)
  File "P:\projects\OCproject12\env\lib\site-packages\django\contrib\admin\options.py", line 686, in wrapper
    return self.admin_site.admin_view(view)(*args, **kwargs)
  File "P:\projects\OCproject12\env\lib\site-packages\django\utils\decorators.py", line 133, in _wrapped_view
    response = view_func(request, *args, **kwargs)
  File "P:\projects\OCproject12\env\lib\site-packages\django\views\decorators\cache.py", line 62, in _wrapped_view_func
    response = view_func(request, *args, **kwargs)
  File "P:\projects\OCproject12\env\lib\site-packages\django\contrib\admin\sites.py", line 242, in inner
    return view(request, *args, **kwargs)
  File "P:\projects\OCproject12\env\lib\site-packages\django\contrib\admin\options.py", line 1893, in change_view
    return self.changeform_view(request, object_id, form_url, extra_context)
  File "P:\projects\OCproject12\env\lib\site-packages\django\utils\decorators.py", line 46, in _wrapper
    return bound_method(*args, **kwargs)
  File "P:\projects\OCproject12\env\lib\site-packages\django\utils\decorators.py", line 133, in _wrapped_view
    response = view_func(request, *args, **kwargs)
  File "P:\projects\OCproject12\env\lib\site-packages\django\contrib\admin\options.py", line 1750, in changeform_view
    return self._changeform_view(request, object_id, form_url, extra_context)
  File "P:\projects\OCproject12\env\lib\site-packages\django\contrib\admin\options.py", line 1786, in _changeform_view
    ModelForm = self.get_form(
  File "P:\projects\OCproject12\api\admin\contracts.py", line 52, in get_form
    form.base_fields["sales_contact"].initial = request.user
KeyError: 'sales_contact'
ERROR "GET /admin/api/contract/12/change/ HTTP/1.1" 500 111396
ERROR Internal Server Error: /admin/api/contract/13/change/
Traceback (most recent call last):
  File "P:\projects\OCproject12\env\lib\site-packages\django\core\handlers\exception.py", line 55, in inner
    response = get_response(request)
  File "P:\projects\OCproject12\env\lib\site-packages\django\core\handlers\base.py", line 197, in _get_response
    response = wrapped_callback(request, *callback_args, **callback_kwargs)
  File "P:\projects\OCproject12\env\lib\site-packages\django\contrib\admin\options.py", line 686, in wrapper
    return self.admin_site.admin_view(view)(*args, **kwargs)
  File "P:\projects\OCproject12\env\lib\site-packages\django\utils\decorators.py", line 133, in _wrapped_view
    response = view_func(request, *args, **kwargs)
  File "P:\projects\OCproject12\env\lib\site-packages\django\views\decorators\cache.py", line 62, in _wrapped_view_func
    response = view_func(request, *args, **kwargs)
  File "P:\projects\OCproject12\env\lib\site-packages\django\contrib\admin\sites.py", line 242, in inner
    return view(request, *args, **kwargs)
  File "P:\projects\OCproject12\env\lib\site-packages\django\contrib\admin\options.py", line 1893, in change_view
    return self.changeform_view(request, object_id, form_url, extra_context)
  File "P:\projects\OCproject12\env\lib\site-packages\django\utils\decorators.py", line 46, in _wrapper
    return bound_method(*args, **kwargs)
  File "P:\projects\OCproject12\env\lib\site-packages\django\utils\decorators.py", line 133, in _wrapped_view
    response = view_func(request, *args, **kwargs)
  File "P:\projects\OCproject12\env\lib\site-packages\django\contrib\admin\options.py", line 1750, in changeform_view
    return self._changeform_view(request, object_id, form_url, extra_context)
  File "P:\projects\OCproject12\env\lib\site-packages\django\contrib\admin\options.py", line 1885, in _changeform_view
    return self.render_change_form(
  File "P:\projects\OCproject12\api\admin\contracts.py", line 65, in render_change_form
    context["adminform"].form.fields["attendees"].disabled = True
KeyError: 'attendees'
ERROR Internal Server Error: /admin/api/contract/13/change/
Traceback (most recent call last):
  File "P:\projects\OCproject12\env\lib\site-packages\django\core\handlers\exception.py", line 55, in inner
    response = get_response(request)
  File "P:\projects\OCproject12\env\lib\site-packages\django\core\handlers\base.py", line 197, in _get_response
    response = wrapped_callback(request, *callback_args, **callback_kwargs)
  File "P:\projects\OCproject12\env\lib\site-packages\django\contrib\admin\options.py", line 686, in wrapper
    return self.admin_site.admin_view(view)(*args, **kwargs)
  File "P:\projects\OCproject12\env\lib\site-packages\django\utils\decorators.py", line 133, in _wrapped_view
    response = view_func(request, *args, **kwargs)
  File "P:\projects\OCproject12\env\lib\site-packages\django\views\decorators\cache.py", line 62, in _wrapped_view_func
    response = view_func(request, *args, **kwargs)
  File "P:\projects\OCproject12\env\lib\site-packages\django\contrib\admin\sites.py", line 242, in inner
    return view(request, *args, **kwargs)
  File "P:\projects\OCproject12\env\lib\site-packages\django\contrib\admin\options.py", line 1893, in change_view
    return self.changeform_view(request, object_id, form_url, extra_context)
  File "P:\projects\OCproject12\env\lib\site-packages\django\utils\decorators.py", line 46, in _wrapper
    return bound_method(*args, **kwargs)
  File "P:\projects\OCproject12\env\lib\site-packages\django\utils\decorators.py", line 133, in _wrapped_view
    response = view_func(request, *args, **kwargs)
  File "P:\projects\OCproject12\env\lib\site-packages\django\contrib\admin\options.py", line 1750, in changeform_view
    return self._changeform_view(request, object_id, form_url, extra_context)
  File "P:\projects\OCproject12\env\lib\site-packages\django\contrib\admin\options.py", line 1885, in _changeform_view
    return self.render_change_form(
  File "P:\projects\OCproject12\api\admin\contracts.py", line 65, in render_change_form
    context["adminform"].form.fields["attendees"].disabled = True
KeyError: 'attendees'
ERROR "GET /admin/api/contract/13/change/ HTTP/1.1" 500 121989
ERROR Internal Server Error: /admin/api/contract/13/change/
Traceback (most recent call last):
  File "P:\projects\OCproject12\env\lib\site-packages\django\core\handlers\exception.py", line 55, in inner
    response = get_response(request)
  File "P:\projects\OCproject12\env\lib\site-packages\django\core\handlers\base.py", line 197, in _get_response
    response = wrapped_callback(request, *callback_args, **callback_kwargs)
  File "P:\projects\OCproject12\env\lib\site-packages\django\contrib\admin\options.py", line 686, in wrapper
    return self.admin_site.admin_view(view)(*args, **kwargs)
  File "P:\projects\OCproject12\env\lib\site-packages\django\utils\decorators.py", line 133, in _wrapped_view
    response = view_func(request, *args, **kwargs)
  File "P:\projects\OCproject12\env\lib\site-packages\django\views\decorators\cache.py", line 62, in _wrapped_view_func
    response = view_func(request, *args, **kwargs)
  File "P:\projects\OCproject12\env\lib\site-packages\django\contrib\admin\sites.py", line 242, in inner
    return view(request, *args, **kwargs)
  File "P:\projects\OCproject12\env\lib\site-packages\django\contrib\admin\options.py", line 1893, in change_view
    return self.changeform_view(request, object_id, form_url, extra_context)
  File "P:\projects\OCproject12\env\lib\site-packages\django\utils\decorators.py", line 46, in _wrapper
    return bound_method(*args, **kwargs)
  File "P:\projects\OCproject12\env\lib\site-packages\django\utils\decorators.py", line 133, in _wrapped_view
    response = view_func(request, *args, **kwargs)
  File "P:\projects\OCproject12\env\lib\site-packages\django\contrib\admin\options.py", line 1750, in changeform_view
    return self._changeform_view(request, object_id, form_url, extra_context)
  File "P:\projects\OCproject12\env\lib\site-packages\django\contrib\admin\options.py", line 1885, in _changeform_view
    return self.render_change_form(
  File "P:\projects\OCproject12\api\admin\contracts.py", line 65, in render_change_form
    context.form.fields["attendees"].disabled = True
AttributeError: 'dict' object has no attribute 'form'
ERROR Internal Server Error: /admin/api/contract/13/change/
Traceback (most recent call last):
  File "P:\projects\OCproject12\env\lib\site-packages\django\core\handlers\exception.py", line 55, in inner
    response = get_response(request)
  File "P:\projects\OCproject12\env\lib\site-packages\django\core\handlers\base.py", line 197, in _get_response
    response = wrapped_callback(request, *callback_args, **callback_kwargs)
  File "P:\projects\OCproject12\env\lib\site-packages\django\contrib\admin\options.py", line 686, in wrapper
    return self.admin_site.admin_view(view)(*args, **kwargs)
  File "P:\projects\OCproject12\env\lib\site-packages\django\utils\decorators.py", line 133, in _wrapped_view
    response = view_func(request, *args, **kwargs)
  File "P:\projects\OCproject12\env\lib\site-packages\django\views\decorators\cache.py", line 62, in _wrapped_view_func
    response = view_func(request, *args, **kwargs)
  File "P:\projects\OCproject12\env\lib\site-packages\django\contrib\admin\sites.py", line 242, in inner
    return view(request, *args, **kwargs)
  File "P:\projects\OCproject12\env\lib\site-packages\django\contrib\admin\options.py", line 1893, in change_view
    return self.changeform_view(request, object_id, form_url, extra_context)
  File "P:\projects\OCproject12\env\lib\site-packages\django\utils\decorators.py", line 46, in _wrapper
    return bound_method(*args, **kwargs)
  File "P:\projects\OCproject12\env\lib\site-packages\django\utils\decorators.py", line 133, in _wrapped_view
    response = view_func(request, *args, **kwargs)
  File "P:\projects\OCproject12\env\lib\site-packages\django\contrib\admin\options.py", line 1750, in changeform_view
    return self._changeform_view(request, object_id, form_url, extra_context)
  File "P:\projects\OCproject12\env\lib\site-packages\django\contrib\admin\options.py", line 1885, in _changeform_view
    return self.render_change_form(
  File "P:\projects\OCproject12\api\admin\contracts.py", line 65, in render_change_form
    context.form.fields["attendees"].disabled = True
AttributeError: 'dict' object has no attribute 'form'
ERROR "GET /admin/api/contract/13/change/ HTTP/1.1" 500 122272
ERROR Internal Server Error: /admin/api/contract/13/change/
Traceback (most recent call last):
  File "P:\projects\OCproject12\env\lib\site-packages\django\core\handlers\exception.py", line 55, in inner
    response = get_response(request)
  File "P:\projects\OCproject12\env\lib\site-packages\django\core\handlers\base.py", line 197, in _get_response
    response = wrapped_callback(request, *callback_args, **callback_kwargs)
  File "P:\projects\OCproject12\env\lib\site-packages\django\contrib\admin\options.py", line 686, in wrapper
    return self.admin_site.admin_view(view)(*args, **kwargs)
  File "P:\projects\OCproject12\env\lib\site-packages\django\utils\decorators.py", line 133, in _wrapped_view
    response = view_func(request, *args, **kwargs)
  File "P:\projects\OCproject12\env\lib\site-packages\django\views\decorators\cache.py", line 62, in _wrapped_view_func
    response = view_func(request, *args, **kwargs)
  File "P:\projects\OCproject12\env\lib\site-packages\django\contrib\admin\sites.py", line 242, in inner
    return view(request, *args, **kwargs)
  File "P:\projects\OCproject12\env\lib\site-packages\django\contrib\admin\options.py", line 1893, in change_view
    return self.changeform_view(request, object_id, form_url, extra_context)
  File "P:\projects\OCproject12\env\lib\site-packages\django\utils\decorators.py", line 46, in _wrapper
    return bound_method(*args, **kwargs)
  File "P:\projects\OCproject12\env\lib\site-packages\django\utils\decorators.py", line 133, in _wrapped_view
    response = view_func(request, *args, **kwargs)
  File "P:\projects\OCproject12\env\lib\site-packages\django\contrib\admin\options.py", line 1750, in changeform_view
    return self._changeform_view(request, object_id, form_url, extra_context)
  File "P:\projects\OCproject12\env\lib\site-packages\django\contrib\admin\options.py", line 1885, in _changeform_view
    return self.render_change_form(
  File "P:\projects\OCproject12\api\admin\contracts.py", line 65, in render_change_form
    self.fields["amount"].disabled = True
TypeError: 'NoneType' object is not subscriptable
ERROR Internal Server Error: /admin/api/contract/13/change/
Traceback (most recent call last):
  File "P:\projects\OCproject12\env\lib\site-packages\django\core\handlers\exception.py", line 55, in inner
    response = get_response(request)
  File "P:\projects\OCproject12\env\lib\site-packages\django\core\handlers\base.py", line 197, in _get_response
    response = wrapped_callback(request, *callback_args, **callback_kwargs)
  File "P:\projects\OCproject12\env\lib\site-packages\django\contrib\admin\options.py", line 686, in wrapper
    return self.admin_site.admin_view(view)(*args, **kwargs)
  File "P:\projects\OCproject12\env\lib\site-packages\django\utils\decorators.py", line 133, in _wrapped_view
    response = view_func(request, *args, **kwargs)
  File "P:\projects\OCproject12\env\lib\site-packages\django\views\decorators\cache.py", line 62, in _wrapped_view_func
    response = view_func(request, *args, **kwargs)
  File "P:\projects\OCproject12\env\lib\site-packages\django\contrib\admin\sites.py", line 242, in inner
    return view(request, *args, **kwargs)
  File "P:\projects\OCproject12\env\lib\site-packages\django\contrib\admin\options.py", line 1893, in change_view
    return self.changeform_view(request, object_id, form_url, extra_context)
  File "P:\projects\OCproject12\env\lib\site-packages\django\utils\decorators.py", line 46, in _wrapper
    return bound_method(*args, **kwargs)
  File "P:\projects\OCproject12\env\lib\site-packages\django\utils\decorators.py", line 133, in _wrapped_view
    response = view_func(request, *args, **kwargs)
  File "P:\projects\OCproject12\env\lib\site-packages\django\contrib\admin\options.py", line 1750, in changeform_view
    return self._changeform_view(request, object_id, form_url, extra_context)
  File "P:\projects\OCproject12\env\lib\site-packages\django\contrib\admin\options.py", line 1885, in _changeform_view
    return self.render_change_form(
  File "P:\projects\OCproject12\api\admin\contracts.py", line 65, in render_change_form
    self.fields["amount"].disabled = True
TypeError: 'NoneType' object is not subscriptable
ERROR "GET /admin/api/contract/13/change/ HTTP/1.1" 500 122047
ERROR Internal Server Error: /admin/api/contract/12/change/
Traceback (most recent call last):
  File "P:\projects\OCproject12\env\lib\site-packages\django\core\handlers\exception.py", line 55, in inner
    response = get_response(request)
  File "P:\projects\OCproject12\env\lib\site-packages\django\core\handlers\base.py", line 197, in _get_response
    response = wrapped_callback(request, *callback_args, **callback_kwargs)
  File "P:\projects\OCproject12\env\lib\site-packages\django\contrib\admin\options.py", line 686, in wrapper
    return self.admin_site.admin_view(view)(*args, **kwargs)
  File "P:\projects\OCproject12\env\lib\site-packages\django\utils\decorators.py", line 133, in _wrapped_view
    response = view_func(request, *args, **kwargs)
  File "P:\projects\OCproject12\env\lib\site-packages\django\views\decorators\cache.py", line 62, in _wrapped_view_func
    response = view_func(request, *args, **kwargs)
  File "P:\projects\OCproject12\env\lib\site-packages\django\contrib\admin\sites.py", line 242, in inner
    return view(request, *args, **kwargs)
  File "P:\projects\OCproject12\env\lib\site-packages\django\contrib\admin\options.py", line 1893, in change_view
    return self.changeform_view(request, object_id, form_url, extra_context)
  File "P:\projects\OCproject12\env\lib\site-packages\django\utils\decorators.py", line 46, in _wrapper
    return bound_method(*args, **kwargs)
  File "P:\projects\OCproject12\env\lib\site-packages\django\utils\decorators.py", line 133, in _wrapped_view
    response = view_func(request, *args, **kwargs)
  File "P:\projects\OCproject12\env\lib\site-packages\django\contrib\admin\options.py", line 1750, in changeform_view
    return self._changeform_view(request, object_id, form_url, extra_context)
  File "P:\projects\OCproject12\env\lib\site-packages\django\contrib\admin\options.py", line 1885, in _changeform_view
    return self.render_change_form(
  File "P:\projects\OCproject12\api\admin\contracts.py", line 65, in render_change_form
    self.fields["amount"].disabled = True
TypeError: 'NoneType' object is not subscriptable
ERROR Internal Server Error: /admin/api/contract/12/change/
Traceback (most recent call last):
  File "P:\projects\OCproject12\env\lib\site-packages\django\core\handlers\exception.py", line 55, in inner
    response = get_response(request)
  File "P:\projects\OCproject12\env\lib\site-packages\django\core\handlers\base.py", line 197, in _get_response
    response = wrapped_callback(request, *callback_args, **callback_kwargs)
  File "P:\projects\OCproject12\env\lib\site-packages\django\contrib\admin\options.py", line 686, in wrapper
    return self.admin_site.admin_view(view)(*args, **kwargs)
  File "P:\projects\OCproject12\env\lib\site-packages\django\utils\decorators.py", line 133, in _wrapped_view
    response = view_func(request, *args, **kwargs)
  File "P:\projects\OCproject12\env\lib\site-packages\django\views\decorators\cache.py", line 62, in _wrapped_view_func
    response = view_func(request, *args, **kwargs)
  File "P:\projects\OCproject12\env\lib\site-packages\django\contrib\admin\sites.py", line 242, in inner
    return view(request, *args, **kwargs)
  File "P:\projects\OCproject12\env\lib\site-packages\django\contrib\admin\options.py", line 1893, in change_view
    return self.changeform_view(request, object_id, form_url, extra_context)
  File "P:\projects\OCproject12\env\lib\site-packages\django\utils\decorators.py", line 46, in _wrapper
    return bound_method(*args, **kwargs)
  File "P:\projects\OCproject12\env\lib\site-packages\django\utils\decorators.py", line 133, in _wrapped_view
    response = view_func(request, *args, **kwargs)
  File "P:\projects\OCproject12\env\lib\site-packages\django\contrib\admin\options.py", line 1750, in changeform_view
    return self._changeform_view(request, object_id, form_url, extra_context)
  File "P:\projects\OCproject12\env\lib\site-packages\django\contrib\admin\options.py", line 1885, in _changeform_view
    return self.render_change_form(
  File "P:\projects\OCproject12\api\admin\contracts.py", line 65, in render_change_form
    self.fields["amount"].disabled = True
TypeError: 'NoneType' object is not subscriptable
ERROR "GET /admin/api/contract/12/change/ HTTP/1.1" 500 121975
ERROR Internal Server Error: /admin/api/contract/add/
Traceback (most recent call last):
  File "P:\projects\OCproject12\env\lib\site-packages\django\core\handlers\exception.py", line 55, in inner
    response = get_response(request)
  File "P:\projects\OCproject12\env\lib\site-packages\django\core\handlers\base.py", line 197, in _get_response
    response = wrapped_callback(request, *callback_args, **callback_kwargs)
  File "P:\projects\OCproject12\env\lib\site-packages\django\contrib\admin\options.py", line 686, in wrapper
    return self.admin_site.admin_view(view)(*args, **kwargs)
  File "P:\projects\OCproject12\env\lib\site-packages\django\utils\decorators.py", line 133, in _wrapped_view
    response = view_func(request, *args, **kwargs)
  File "P:\projects\OCproject12\env\lib\site-packages\django\views\decorators\cache.py", line 62, in _wrapped_view_func
    response = view_func(request, *args, **kwargs)
  File "P:\projects\OCproject12\env\lib\site-packages\django\contrib\admin\sites.py", line 242, in inner
    return view(request, *args, **kwargs)
  File "P:\projects\OCproject12\env\lib\site-packages\django\contrib\admin\options.py", line 1890, in add_view
    return self.changeform_view(request, None, form_url, extra_context)
  File "P:\projects\OCproject12\env\lib\site-packages\django\utils\decorators.py", line 46, in _wrapper
    return bound_method(*args, **kwargs)
  File "P:\projects\OCproject12\env\lib\site-packages\django\utils\decorators.py", line 133, in _wrapped_view
    response = view_func(request, *args, **kwargs)
  File "P:\projects\OCproject12\env\lib\site-packages\django\contrib\admin\options.py", line 1750, in changeform_view
    return self._changeform_view(request, object_id, form_url, extra_context)
  File "P:\projects\OCproject12\env\lib\site-packages\django\contrib\admin\options.py", line 1885, in _changeform_view
    return self.render_change_form(
  File "P:\projects\OCproject12\api\admin\contracts.py", line 65, in render_change_form
    context.fields["amount"].disabled = True
AttributeError: 'dict' object has no attribute 'fields'
ERROR Internal Server Error: /admin/api/contract/add/
Traceback (most recent call last):
  File "P:\projects\OCproject12\env\lib\site-packages\django\core\handlers\exception.py", line 55, in inner
    response = get_response(request)
  File "P:\projects\OCproject12\env\lib\site-packages\django\core\handlers\base.py", line 197, in _get_response
    response = wrapped_callback(request, *callback_args, **callback_kwargs)
  File "P:\projects\OCproject12\env\lib\site-packages\django\contrib\admin\options.py", line 686, in wrapper
    return self.admin_site.admin_view(view)(*args, **kwargs)
  File "P:\projects\OCproject12\env\lib\site-packages\django\utils\decorators.py", line 133, in _wrapped_view
    response = view_func(request, *args, **kwargs)
  File "P:\projects\OCproject12\env\lib\site-packages\django\views\decorators\cache.py", line 62, in _wrapped_view_func
    response = view_func(request, *args, **kwargs)
  File "P:\projects\OCproject12\env\lib\site-packages\django\contrib\admin\sites.py", line 242, in inner
    return view(request, *args, **kwargs)
  File "P:\projects\OCproject12\env\lib\site-packages\django\contrib\admin\options.py", line 1890, in add_view
    return self.changeform_view(request, None, form_url, extra_context)
  File "P:\projects\OCproject12\env\lib\site-packages\django\utils\decorators.py", line 46, in _wrapper
    return bound_method(*args, **kwargs)
  File "P:\projects\OCproject12\env\lib\site-packages\django\utils\decorators.py", line 133, in _wrapped_view
    response = view_func(request, *args, **kwargs)
  File "P:\projects\OCproject12\env\lib\site-packages\django\contrib\admin\options.py", line 1750, in changeform_view
    return self._changeform_view(request, object_id, form_url, extra_context)
  File "P:\projects\OCproject12\env\lib\site-packages\django\contrib\admin\options.py", line 1885, in _changeform_view
    return self.render_change_form(
  File "P:\projects\OCproject12\api\admin\contracts.py", line 65, in render_change_form
    context.fields["amount"].disabled = True
AttributeError: 'dict' object has no attribute 'fields'
ERROR "GET /admin/api/contract/add/ HTTP/1.1" 500 121291
ERROR Internal Server Error: /admin/api/contract/add/
Traceback (most recent call last):
  File "P:\projects\OCproject12\env\lib\site-packages\django\core\handlers\exception.py", line 55, in inner
    response = get_response(request)
  File "P:\projects\OCproject12\env\lib\site-packages\django\core\handlers\base.py", line 197, in _get_response
    response = wrapped_callback(request, *callback_args, **callback_kwargs)
  File "P:\projects\OCproject12\env\lib\site-packages\django\contrib\admin\options.py", line 686, in wrapper
    return self.admin_site.admin_view(view)(*args, **kwargs)
  File "P:\projects\OCproject12\env\lib\site-packages\django\utils\decorators.py", line 133, in _wrapped_view
    response = view_func(request, *args, **kwargs)
  File "P:\projects\OCproject12\env\lib\site-packages\django\views\decorators\cache.py", line 62, in _wrapped_view_func
    response = view_func(request, *args, **kwargs)
  File "P:\projects\OCproject12\env\lib\site-packages\django\contrib\admin\sites.py", line 242, in inner
    return view(request, *args, **kwargs)
  File "P:\projects\OCproject12\env\lib\site-packages\django\contrib\admin\options.py", line 1890, in add_view
    return self.changeform_view(request, None, form_url, extra_context)
  File "P:\projects\OCproject12\env\lib\site-packages\django\utils\decorators.py", line 46, in _wrapper
    return bound_method(*args, **kwargs)
  File "P:\projects\OCproject12\env\lib\site-packages\django\utils\decorators.py", line 133, in _wrapped_view
    response = view_func(request, *args, **kwargs)
  File "P:\projects\OCproject12\env\lib\site-packages\django\contrib\admin\options.py", line 1750, in changeform_view
    return self._changeform_view(request, object_id, form_url, extra_context)
  File "P:\projects\OCproject12\env\lib\site-packages\django\contrib\admin\options.py", line 1885, in _changeform_view
    return self.render_change_form(
  File "P:\projects\OCproject12\api\admin\contracts.py", line 68, in render_change_form
    form.base_fields["amount"].disabled = True
AttributeError: 'TemplateResponse' object has no attribute 'base_fields'
ERROR Internal Server Error: /admin/api/contract/add/
Traceback (most recent call last):
  File "P:\projects\OCproject12\env\lib\site-packages\django\core\handlers\exception.py", line 55, in inner
    response = get_response(request)
  File "P:\projects\OCproject12\env\lib\site-packages\django\core\handlers\base.py", line 197, in _get_response
    response = wrapped_callback(request, *callback_args, **callback_kwargs)
  File "P:\projects\OCproject12\env\lib\site-packages\django\contrib\admin\options.py", line 686, in wrapper
    return self.admin_site.admin_view(view)(*args, **kwargs)
  File "P:\projects\OCproject12\env\lib\site-packages\django\utils\decorators.py", line 133, in _wrapped_view
    response = view_func(request, *args, **kwargs)
  File "P:\projects\OCproject12\env\lib\site-packages\django\views\decorators\cache.py", line 62, in _wrapped_view_func
    response = view_func(request, *args, **kwargs)
  File "P:\projects\OCproject12\env\lib\site-packages\django\contrib\admin\sites.py", line 242, in inner
    return view(request, *args, **kwargs)
  File "P:\projects\OCproject12\env\lib\site-packages\django\contrib\admin\options.py", line 1890, in add_view
    return self.changeform_view(request, None, form_url, extra_context)
  File "P:\projects\OCproject12\env\lib\site-packages\django\utils\decorators.py", line 46, in _wrapper
    return bound_method(*args, **kwargs)
  File "P:\projects\OCproject12\env\lib\site-packages\django\utils\decorators.py", line 133, in _wrapped_view
    response = view_func(request, *args, **kwargs)
  File "P:\projects\OCproject12\env\lib\site-packages\django\contrib\admin\options.py", line 1750, in changeform_view
    return self._changeform_view(request, object_id, form_url, extra_context)
  File "P:\projects\OCproject12\env\lib\site-packages\django\contrib\admin\options.py", line 1885, in _changeform_view
    return self.render_change_form(
  File "P:\projects\OCproject12\api\admin\contracts.py", line 68, in render_change_form
    form.base_fields["amount"].disabled = True
AttributeError: 'TemplateResponse' object has no attribute 'base_fields'
ERROR "GET /admin/api/contract/add/ HTTP/1.1" 500 123011
ERROR Internal Server Error: /admin/api/contract/add/
Traceback (most recent call last):
  File "P:\projects\OCproject12\env\lib\site-packages\django\core\handlers\exception.py", line 55, in inner
    response = get_response(request)
  File "P:\projects\OCproject12\env\lib\site-packages\django\core\handlers\base.py", line 197, in _get_response
    response = wrapped_callback(request, *callback_args, **callback_kwargs)
  File "P:\projects\OCproject12\env\lib\site-packages\django\contrib\admin\options.py", line 686, in wrapper
    return self.admin_site.admin_view(view)(*args, **kwargs)
  File "P:\projects\OCproject12\env\lib\site-packages\django\utils\decorators.py", line 133, in _wrapped_view
    response = view_func(request, *args, **kwargs)
  File "P:\projects\OCproject12\env\lib\site-packages\django\views\decorators\cache.py", line 62, in _wrapped_view_func
    response = view_func(request, *args, **kwargs)
  File "P:\projects\OCproject12\env\lib\site-packages\django\contrib\admin\sites.py", line 242, in inner
    return view(request, *args, **kwargs)
  File "P:\projects\OCproject12\env\lib\site-packages\django\contrib\admin\options.py", line 1890, in add_view
    return self.changeform_view(request, None, form_url, extra_context)
  File "P:\projects\OCproject12\env\lib\site-packages\django\utils\decorators.py", line 46, in _wrapper
    return bound_method(*args, **kwargs)
  File "P:\projects\OCproject12\env\lib\site-packages\django\utils\decorators.py", line 133, in _wrapped_view
    response = view_func(request, *args, **kwargs)
  File "P:\projects\OCproject12\env\lib\site-packages\django\contrib\admin\options.py", line 1750, in changeform_view
    return self._changeform_view(request, object_id, form_url, extra_context)
  File "P:\projects\OCproject12\env\lib\site-packages\django\contrib\admin\options.py", line 1885, in _changeform_view
    return self.render_change_form(
  File "P:\projects\OCproject12\api\admin\contracts.py", line 68, in render_change_form
    form.fields["amount"].disabled = True
AttributeError: 'TemplateResponse' object has no attribute 'fields'
ERROR Internal Server Error: /admin/api/contract/add/
Traceback (most recent call last):
  File "P:\projects\OCproject12\env\lib\site-packages\django\core\handlers\exception.py", line 55, in inner
    response = get_response(request)
  File "P:\projects\OCproject12\env\lib\site-packages\django\core\handlers\base.py", line 197, in _get_response
    response = wrapped_callback(request, *callback_args, **callback_kwargs)
  File "P:\projects\OCproject12\env\lib\site-packages\django\contrib\admin\options.py", line 686, in wrapper
    return self.admin_site.admin_view(view)(*args, **kwargs)
  File "P:\projects\OCproject12\env\lib\site-packages\django\utils\decorators.py", line 133, in _wrapped_view
    response = view_func(request, *args, **kwargs)
  File "P:\projects\OCproject12\env\lib\site-packages\django\views\decorators\cache.py", line 62, in _wrapped_view_func
    response = view_func(request, *args, **kwargs)
  File "P:\projects\OCproject12\env\lib\site-packages\django\contrib\admin\sites.py", line 242, in inner
    return view(request, *args, **kwargs)
  File "P:\projects\OCproject12\env\lib\site-packages\django\contrib\admin\options.py", line 1890, in add_view
    return self.changeform_view(request, None, form_url, extra_context)
  File "P:\projects\OCproject12\env\lib\site-packages\django\utils\decorators.py", line 46, in _wrapper
    return bound_method(*args, **kwargs)
  File "P:\projects\OCproject12\env\lib\site-packages\django\utils\decorators.py", line 133, in _wrapped_view
    response = view_func(request, *args, **kwargs)
  File "P:\projects\OCproject12\env\lib\site-packages\django\contrib\admin\options.py", line 1750, in changeform_view
    return self._changeform_view(request, object_id, form_url, extra_context)
  File "P:\projects\OCproject12\env\lib\site-packages\django\contrib\admin\options.py", line 1885, in _changeform_view
    return self.render_change_form(
  File "P:\projects\OCproject12\api\admin\contracts.py", line 68, in render_change_form
    form.fields["amount"].disabled = True
AttributeError: 'TemplateResponse' object has no attribute 'fields'
ERROR "GET /admin/api/contract/add/ HTTP/1.1" 500 122981
ERROR Internal Server Error: /admin/api/contract/12/change/
Traceback (most recent call last):
  File "P:\projects\OCproject12\env\lib\site-packages\django\contrib\admin\options.py", line 807, in get_form
    return modelform_factory(self.model, **defaults)
  File "P:\projects\OCproject12\env\lib\site-packages\django\forms\models.py", line 648, in modelform_factory
    return type(form)(class_name, (form,), form_class_attrs)
  File "P:\projects\OCproject12\env\lib\site-packages\django\forms\models.py", line 306, in __new__
    fields = fields_for_model(
  File "P:\projects\OCproject12\env\lib\site-packages\django\forms\models.py", line 197, in fields_for_model
    raise FieldError(
django.core.exceptions.FieldError: 'date_created' cannot be specified for Contract model form as it is a non-editable field

During handling of the above exception, another exception occurred:

Traceback (most recent call last):
  File "P:\projects\OCproject12\env\lib\site-packages\django\core\handlers\exception.py", line 55, in inner
    response = get_response(request)
  File "P:\projects\OCproject12\env\lib\site-packages\django\core\handlers\base.py", line 197, in _get_response
    response = wrapped_callback(request, *callback_args, **callback_kwargs)
  File "P:\projects\OCproject12\env\lib\site-packages\django\contrib\admin\options.py", line 686, in wrapper
    return self.admin_site.admin_view(view)(*args, **kwargs)
  File "P:\projects\OCproject12\env\lib\site-packages\django\utils\decorators.py", line 133, in _wrapped_view
    response = view_func(request, *args, **kwargs)
  File "P:\projects\OCproject12\env\lib\site-packages\django\views\decorators\cache.py", line 62, in _wrapped_view_func
    response = view_func(request, *args, **kwargs)
  File "P:\projects\OCproject12\env\lib\site-packages\django\contrib\admin\sites.py", line 242, in inner
    return view(request, *args, **kwargs)
  File "P:\projects\OCproject12\env\lib\site-packages\django\contrib\admin\options.py", line 1893, in change_view
    return self.changeform_view(request, object_id, form_url, extra_context)
  File "P:\projects\OCproject12\env\lib\site-packages\django\utils\decorators.py", line 46, in _wrapper
    return bound_method(*args, **kwargs)
  File "P:\projects\OCproject12\env\lib\site-packages\django\utils\decorators.py", line 133, in _wrapped_view
    response = view_func(request, *args, **kwargs)
  File "P:\projects\OCproject12\env\lib\site-packages\django\contrib\admin\options.py", line 1750, in changeform_view
    return self._changeform_view(request, object_id, form_url, extra_context)
  File "P:\projects\OCproject12\env\lib\site-packages\django\contrib\admin\options.py", line 1786, in _changeform_view
    ModelForm = self.get_form(
  File "P:\projects\OCproject12\api\admin\contracts.py", line 50, in get_form
    form = super(ContractAdmin, self).get_form(request, obj, **kwargs)
  File "P:\projects\OCproject12\env\lib\site-packages\django\contrib\admin\options.py", line 809, in get_form
    raise FieldError(
django.core.exceptions.FieldError: 'date_created' cannot be specified for Contract model form as it is a non-editable field. Check fields/fieldsets/exclude attributes of class ContractAdmin.
ERROR Internal Server Error: /admin/api/contract/12/change/
Traceback (most recent call last):
  File "P:\projects\OCproject12\env\lib\site-packages\django\contrib\admin\options.py", line 807, in get_form
    return modelform_factory(self.model, **defaults)
  File "P:\projects\OCproject12\env\lib\site-packages\django\forms\models.py", line 648, in modelform_factory
    return type(form)(class_name, (form,), form_class_attrs)
  File "P:\projects\OCproject12\env\lib\site-packages\django\forms\models.py", line 306, in __new__
    fields = fields_for_model(
  File "P:\projects\OCproject12\env\lib\site-packages\django\forms\models.py", line 197, in fields_for_model
    raise FieldError(
django.core.exceptions.FieldError: 'date_created' cannot be specified for Contract model form as it is a non-editable field

During handling of the above exception, another exception occurred:

Traceback (most recent call last):
  File "P:\projects\OCproject12\env\lib\site-packages\django\core\handlers\exception.py", line 55, in inner
    response = get_response(request)
  File "P:\projects\OCproject12\env\lib\site-packages\django\core\handlers\base.py", line 197, in _get_response
    response = wrapped_callback(request, *callback_args, **callback_kwargs)
  File "P:\projects\OCproject12\env\lib\site-packages\django\contrib\admin\options.py", line 686, in wrapper
    return self.admin_site.admin_view(view)(*args, **kwargs)
  File "P:\projects\OCproject12\env\lib\site-packages\django\utils\decorators.py", line 133, in _wrapped_view
    response = view_func(request, *args, **kwargs)
  File "P:\projects\OCproject12\env\lib\site-packages\django\views\decorators\cache.py", line 62, in _wrapped_view_func
    response = view_func(request, *args, **kwargs)
  File "P:\projects\OCproject12\env\lib\site-packages\django\contrib\admin\sites.py", line 242, in inner
    return view(request, *args, **kwargs)
  File "P:\projects\OCproject12\env\lib\site-packages\django\contrib\admin\options.py", line 1893, in change_view
    return self.changeform_view(request, object_id, form_url, extra_context)
  File "P:\projects\OCproject12\env\lib\site-packages\django\utils\decorators.py", line 46, in _wrapper
    return bound_method(*args, **kwargs)
  File "P:\projects\OCproject12\env\lib\site-packages\django\utils\decorators.py", line 133, in _wrapped_view
    response = view_func(request, *args, **kwargs)
  File "P:\projects\OCproject12\env\lib\site-packages\django\contrib\admin\options.py", line 1750, in changeform_view
    return self._changeform_view(request, object_id, form_url, extra_context)
  File "P:\projects\OCproject12\env\lib\site-packages\django\contrib\admin\options.py", line 1786, in _changeform_view
    ModelForm = self.get_form(
  File "P:\projects\OCproject12\api\admin\contracts.py", line 50, in get_form
    form = super(ContractAdmin, self).get_form(request, obj, **kwargs)
  File "P:\projects\OCproject12\env\lib\site-packages\django\contrib\admin\options.py", line 809, in get_form
    raise FieldError(
django.core.exceptions.FieldError: 'date_created' cannot be specified for Contract model form as it is a non-editable field. Check fields/fieldsets/exclude attributes of class ContractAdmin.
ERROR "GET /admin/api/contract/12/change/ HTTP/1.1" 500 145862
ERROR Internal Server Error: /admin/api/contract/12/change/
Traceback (most recent call last):
  File "P:\projects\OCproject12\env\lib\site-packages\django\core\handlers\exception.py", line 55, in inner
    response = get_response(request)
  File "P:\projects\OCproject12\env\lib\site-packages\django\core\handlers\base.py", line 197, in _get_response
    response = wrapped_callback(request, *callback_args, **callback_kwargs)
  File "P:\projects\OCproject12\env\lib\site-packages\django\contrib\admin\options.py", line 686, in wrapper
    return self.admin_site.admin_view(view)(*args, **kwargs)
  File "P:\projects\OCproject12\env\lib\site-packages\django\utils\decorators.py", line 133, in _wrapped_view
    response = view_func(request, *args, **kwargs)
  File "P:\projects\OCproject12\env\lib\site-packages\django\views\decorators\cache.py", line 62, in _wrapped_view_func
    response = view_func(request, *args, **kwargs)
  File "P:\projects\OCproject12\env\lib\site-packages\django\contrib\admin\sites.py", line 242, in inner
    return view(request, *args, **kwargs)
  File "P:\projects\OCproject12\env\lib\site-packages\django\contrib\admin\options.py", line 1893, in change_view
    return self.changeform_view(request, object_id, form_url, extra_context)
  File "P:\projects\OCproject12\env\lib\site-packages\django\utils\decorators.py", line 46, in _wrapper
    return bound_method(*args, **kwargs)
  File "P:\projects\OCproject12\env\lib\site-packages\django\utils\decorators.py", line 133, in _wrapped_view
    response = view_func(request, *args, **kwargs)
  File "P:\projects\OCproject12\env\lib\site-packages\django\contrib\admin\options.py", line 1750, in changeform_view
    return self._changeform_view(request, object_id, form_url, extra_context)
  File "P:\projects\OCproject12\env\lib\site-packages\django\contrib\admin\options.py", line 1786, in _changeform_view
    ModelForm = self.get_form(
  File "P:\projects\OCproject12\api\admin\contracts.py", line 50, in get_form
    form = super(ContractAdmin, self).get_form(request, obj, **kwargs)
  File "P:\projects\OCproject12\env\lib\site-packages\django\contrib\admin\options.py", line 769, in get_form
    readonly_fields = self.get_readonly_fields(request, obj)
  File "P:\projects\OCproject12\api\admin\contracts.py", line 75, in get_readonly_fields
    return self.readonly_fields + ("amount")
TypeError: can only concatenate tuple (not "str") to tuple
ERROR Internal Server Error: /admin/api/contract/12/change/
Traceback (most recent call last):
  File "P:\projects\OCproject12\env\lib\site-packages\django\core\handlers\exception.py", line 55, in inner
    response = get_response(request)
  File "P:\projects\OCproject12\env\lib\site-packages\django\core\handlers\base.py", line 197, in _get_response
    response = wrapped_callback(request, *callback_args, **callback_kwargs)
  File "P:\projects\OCproject12\env\lib\site-packages\django\contrib\admin\options.py", line 686, in wrapper
    return self.admin_site.admin_view(view)(*args, **kwargs)
  File "P:\projects\OCproject12\env\lib\site-packages\django\utils\decorators.py", line 133, in _wrapped_view
    response = view_func(request, *args, **kwargs)
  File "P:\projects\OCproject12\env\lib\site-packages\django\views\decorators\cache.py", line 62, in _wrapped_view_func
    response = view_func(request, *args, **kwargs)
  File "P:\projects\OCproject12\env\lib\site-packages\django\contrib\admin\sites.py", line 242, in inner
    return view(request, *args, **kwargs)
  File "P:\projects\OCproject12\env\lib\site-packages\django\contrib\admin\options.py", line 1893, in change_view
    return self.changeform_view(request, object_id, form_url, extra_context)
  File "P:\projects\OCproject12\env\lib\site-packages\django\utils\decorators.py", line 46, in _wrapper
    return bound_method(*args, **kwargs)
  File "P:\projects\OCproject12\env\lib\site-packages\django\utils\decorators.py", line 133, in _wrapped_view
    response = view_func(request, *args, **kwargs)
  File "P:\projects\OCproject12\env\lib\site-packages\django\contrib\admin\options.py", line 1750, in changeform_view
    return self._changeform_view(request, object_id, form_url, extra_context)
  File "P:\projects\OCproject12\env\lib\site-packages\django\contrib\admin\options.py", line 1786, in _changeform_view
    ModelForm = self.get_form(
  File "P:\projects\OCproject12\api\admin\contracts.py", line 50, in get_form
    form = super(ContractAdmin, self).get_form(request, obj, **kwargs)
  File "P:\projects\OCproject12\env\lib\site-packages\django\contrib\admin\options.py", line 769, in get_form
    readonly_fields = self.get_readonly_fields(request, obj)
  File "P:\projects\OCproject12\api\admin\contracts.py", line 75, in get_readonly_fields
    return self.readonly_fields + ("amount")
TypeError: can only concatenate tuple (not "str") to tuple
ERROR "GET /admin/api/contract/12/change/ HTTP/1.1" 500 120819
ERROR Internal Server Error: /admin/api/contract/12/change/
Traceback (most recent call last):
  File "P:\projects\OCproject12\env\lib\site-packages\django\core\handlers\exception.py", line 55, in inner
    response = get_response(request)
  File "P:\projects\OCproject12\env\lib\site-packages\django\core\handlers\base.py", line 197, in _get_response
    response = wrapped_callback(request, *callback_args, **callback_kwargs)
  File "P:\projects\OCproject12\env\lib\site-packages\django\contrib\admin\options.py", line 686, in wrapper
    return self.admin_site.admin_view(view)(*args, **kwargs)
  File "P:\projects\OCproject12\env\lib\site-packages\django\utils\decorators.py", line 133, in _wrapped_view
    response = view_func(request, *args, **kwargs)
  File "P:\projects\OCproject12\env\lib\site-packages\django\views\decorators\cache.py", line 62, in _wrapped_view_func
    response = view_func(request, *args, **kwargs)
  File "P:\projects\OCproject12\env\lib\site-packages\django\contrib\admin\sites.py", line 242, in inner
    return view(request, *args, **kwargs)
  File "P:\projects\OCproject12\env\lib\site-packages\django\contrib\admin\options.py", line 1893, in change_view
    return self.changeform_view(request, object_id, form_url, extra_context)
  File "P:\projects\OCproject12\env\lib\site-packages\django\utils\decorators.py", line 46, in _wrapper
    return bound_method(*args, **kwargs)
  File "P:\projects\OCproject12\env\lib\site-packages\django\utils\decorators.py", line 133, in _wrapped_view
    response = view_func(request, *args, **kwargs)
  File "P:\projects\OCproject12\env\lib\site-packages\django\contrib\admin\options.py", line 1750, in changeform_view
    return self._changeform_view(request, object_id, form_url, extra_context)
  File "P:\projects\OCproject12\env\lib\site-packages\django\contrib\admin\options.py", line 1885, in _changeform_view
    return self.render_change_form(
  File "P:\projects\OCproject12\api\admin\contracts.py", line 62, in render_change_form
    context["adminform"].form.fields["client"].queryset = Client.objects.filter(
KeyError: 'client'
ERROR Internal Server Error: /admin/api/contract/12/change/
Traceback (most recent call last):
  File "P:\projects\OCproject12\env\lib\site-packages\django\core\handlers\exception.py", line 55, in inner
    response = get_response(request)
  File "P:\projects\OCproject12\env\lib\site-packages\django\core\handlers\base.py", line 197, in _get_response
    response = wrapped_callback(request, *callback_args, **callback_kwargs)
  File "P:\projects\OCproject12\env\lib\site-packages\django\contrib\admin\options.py", line 686, in wrapper
    return self.admin_site.admin_view(view)(*args, **kwargs)
  File "P:\projects\OCproject12\env\lib\site-packages\django\utils\decorators.py", line 133, in _wrapped_view
    response = view_func(request, *args, **kwargs)
  File "P:\projects\OCproject12\env\lib\site-packages\django\views\decorators\cache.py", line 62, in _wrapped_view_func
    response = view_func(request, *args, **kwargs)
  File "P:\projects\OCproject12\env\lib\site-packages\django\contrib\admin\sites.py", line 242, in inner
    return view(request, *args, **kwargs)
  File "P:\projects\OCproject12\env\lib\site-packages\django\contrib\admin\options.py", line 1893, in change_view
    return self.changeform_view(request, object_id, form_url, extra_context)
  File "P:\projects\OCproject12\env\lib\site-packages\django\utils\decorators.py", line 46, in _wrapper
    return bound_method(*args, **kwargs)
  File "P:\projects\OCproject12\env\lib\site-packages\django\utils\decorators.py", line 133, in _wrapped_view
    response = view_func(request, *args, **kwargs)
  File "P:\projects\OCproject12\env\lib\site-packages\django\contrib\admin\options.py", line 1750, in changeform_view
    return self._changeform_view(request, object_id, form_url, extra_context)
  File "P:\projects\OCproject12\env\lib\site-packages\django\contrib\admin\options.py", line 1885, in _changeform_view
    return self.render_change_form(
  File "P:\projects\OCproject12\api\admin\contracts.py", line 62, in render_change_form
    context["adminform"].form.fields["client"].queryset = Client.objects.filter(
KeyError: 'client'
ERROR "GET /admin/api/contract/12/change/ HTTP/1.1" 500 122063
ERROR Internal Server Error: /admin/api/contract/12/change/
Traceback (most recent call last):
  File "P:\projects\OCproject12\env\lib\site-packages\django\core\handlers\exception.py", line 55, in inner
    response = get_response(request)
  File "P:\projects\OCproject12\env\lib\site-packages\django\core\handlers\base.py", line 197, in _get_response
    response = wrapped_callback(request, *callback_args, **callback_kwargs)
  File "P:\projects\OCproject12\env\lib\site-packages\django\contrib\admin\options.py", line 686, in wrapper
    return self.admin_site.admin_view(view)(*args, **kwargs)
  File "P:\projects\OCproject12\env\lib\site-packages\django\utils\decorators.py", line 133, in _wrapped_view
    response = view_func(request, *args, **kwargs)
  File "P:\projects\OCproject12\env\lib\site-packages\django\views\decorators\cache.py", line 62, in _wrapped_view_func
    response = view_func(request, *args, **kwargs)
  File "P:\projects\OCproject12\env\lib\site-packages\django\contrib\admin\sites.py", line 242, in inner
    return view(request, *args, **kwargs)
  File "P:\projects\OCproject12\env\lib\site-packages\django\contrib\admin\options.py", line 1893, in change_view
    return self.changeform_view(request, object_id, form_url, extra_context)
  File "P:\projects\OCproject12\env\lib\site-packages\django\utils\decorators.py", line 46, in _wrapper
    return bound_method(*args, **kwargs)
  File "P:\projects\OCproject12\env\lib\site-packages\django\utils\decorators.py", line 133, in _wrapped_view
    response = view_func(request, *args, **kwargs)
  File "P:\projects\OCproject12\env\lib\site-packages\django\contrib\admin\options.py", line 1750, in changeform_view
    return self._changeform_view(request, object_id, form_url, extra_context)
  File "P:\projects\OCproject12\env\lib\site-packages\django\contrib\admin\options.py", line 1885, in _changeform_view
    return self.render_change_form(
  File "P:\projects\OCproject12\api\admin\contracts.py", line 62, in render_change_form
    context["adminform"].form.fields["client"].queryset = Client.objects.filter(
KeyError: 'client'
ERROR Internal Server Error: /admin/api/contract/12/change/
Traceback (most recent call last):
  File "P:\projects\OCproject12\env\lib\site-packages\django\core\handlers\exception.py", line 55, in inner
    response = get_response(request)
  File "P:\projects\OCproject12\env\lib\site-packages\django\core\handlers\base.py", line 197, in _get_response
    response = wrapped_callback(request, *callback_args, **callback_kwargs)
  File "P:\projects\OCproject12\env\lib\site-packages\django\contrib\admin\options.py", line 686, in wrapper
    return self.admin_site.admin_view(view)(*args, **kwargs)
  File "P:\projects\OCproject12\env\lib\site-packages\django\utils\decorators.py", line 133, in _wrapped_view
    response = view_func(request, *args, **kwargs)
  File "P:\projects\OCproject12\env\lib\site-packages\django\views\decorators\cache.py", line 62, in _wrapped_view_func
    response = view_func(request, *args, **kwargs)
  File "P:\projects\OCproject12\env\lib\site-packages\django\contrib\admin\sites.py", line 242, in inner
    return view(request, *args, **kwargs)
  File "P:\projects\OCproject12\env\lib\site-packages\django\contrib\admin\options.py", line 1893, in change_view
    return self.changeform_view(request, object_id, form_url, extra_context)
  File "P:\projects\OCproject12\env\lib\site-packages\django\utils\decorators.py", line 46, in _wrapper
    return bound_method(*args, **kwargs)
  File "P:\projects\OCproject12\env\lib\site-packages\django\utils\decorators.py", line 133, in _wrapped_view
    response = view_func(request, *args, **kwargs)
  File "P:\projects\OCproject12\env\lib\site-packages\django\contrib\admin\options.py", line 1750, in changeform_view
    return self._changeform_view(request, object_id, form_url, extra_context)
  File "P:\projects\OCproject12\env\lib\site-packages\django\contrib\admin\options.py", line 1885, in _changeform_view
    return self.render_change_form(
  File "P:\projects\OCproject12\api\admin\contracts.py", line 62, in render_change_form
    context["adminform"].form.fields["client"].queryset = Client.objects.filter(
KeyError: 'client'
ERROR "GET /admin/api/contract/12/change/ HTTP/1.1" 500 121827
